\BOOKMARK [1][-]{section.1}{\376\377\000F\000i\000r\000e\000b\000a\000s\000e\000\040\000A\000u\000t\000h\000e\000n\000t\000i\000c\000a\000t\000i\000o\000n}{}% 1
\BOOKMARK [2][-]{subsection.1.1}{\376\377\000Z\000u\000g\000r\000i\000f\000f\000\040\000a\000u\000f\000\040\000d\000e\000n\000\040\000A\000u\000t\000h\000e\000n\000t\000i\000c\000a\000t\000i\000o\000n\000-\000B\000e\000r\000e\000i\000c\000h}{section.1}% 2
\BOOKMARK [2][-]{subsection.1.2}{\376\377\000\334\000b\000e\000r\000s\000i\000c\000h\000t\000\040\000d\000e\000r\000\040\000N\000u\000t\000z\000e\000r\000v\000e\000r\000w\000a\000l\000t\000u\000n\000g}{section.1}% 3
\BOOKMARK [2][-]{subsection.1.3}{\376\377\000K\000o\000n\000f\000i\000g\000u\000r\000a\000t\000i\000o\000n\000\040\000d\000e\000r\000\040\000A\000n\000m\000e\000l\000d\000e\000m\000e\000t\000h\000o\000d\000e\000n}{section.1}% 4
\BOOKMARK [2][-]{subsection.1.4}{\376\377\000R\000e\000g\000i\000s\000t\000r\000i\000e\000r\000u\000n\000g\000\040\000d\000e\000r\000\040\000W\000e\000b\000-\000A\000n\000w\000e\000n\000d\000u\000n\000g}{section.1}% 5
\BOOKMARK [2][-]{subsection.1.5}{\376\377\000E\000i\000n\000b\000i\000n\000d\000u\000n\000g\000\040\000d\000e\000s\000\040\000F\000i\000r\000e\000b\000a\000s\000e\000\040\000S\000D\000K}{section.1}% 6
\BOOKMARK [2][-]{subsection.1.6}{\376\377\000Z\000u\000s\000a\000m\000m\000e\000n\000f\000a\000s\000s\000u\000n\000g}{section.1}% 7
\BOOKMARK [1][-]{section.2}{\376\377\000B\000a\000c\000k\000e\000n\000d\000-\000S\000e\000r\000v\000i\000c\000e\000s\000\040\000m\000i\000t\000\040\000C\000l\000o\000u\000d\000\040\000R\000u\000n\000\040\000F\000u\000n\000c\000t\000i\000o\000n\000s}{}% 8
\BOOKMARK [2][-]{subsection.2.1}{\376\377\000Z\000i\000e\000l\000\040\000d\000e\000r\000\040\000B\000a\000c\000k\000e\000n\000d\000-\000F\000u\000n\000k\000t\000i\000o\000n\000a\000l\000i\000t\000\344\000t}{section.2}% 9
\BOOKMARK [2][-]{subsection.2.2}{\376\377\000A\000u\000f\000r\000u\000f\000\040\000v\000o\000n\000\040\000C\000l\000o\000u\000d\000\040\000R\000u\000n\000\040\000i\000n\000\040\000d\000e\000r\000\040\000G\000o\000o\000g\000l\000e\000\040\000C\000l\000o\000u\000d\000\040\000C\000o\000n\000s\000o\000l\000e}{section.2}% 10
\BOOKMARK [2][-]{subsection.2.3}{\376\377\000\334\000b\000e\000r\000s\000i\000c\000h\000t\000\040\000d\000e\000r\000\040\000b\000e\000s\000t\000e\000h\000e\000n\000d\000e\000n\000\040\000S\000e\000r\000v\000i\000c\000e\000s}{section.2}% 11
\BOOKMARK [2][-]{subsection.2.4}{\376\377\000E\000r\000s\000t\000e\000l\000l\000u\000n\000g\000\040\000e\000i\000n\000e\000r\000\040\000n\000e\000u\000e\000n\000\040\000C\000l\000o\000u\000d\000-\000R\000u\000n\000-\000F\000u\000n\000c\000t\000i\000o\000n}{section.2}% 12
\BOOKMARK [2][-]{subsection.2.5}{\376\377\000A\000u\000t\000h\000e\000n\000t\000i\000f\000i\000z\000i\000e\000r\000u\000n\000g\000,\000\040\000S\000k\000a\000l\000i\000e\000r\000u\000n\000g\000\040\000u\000n\000d\000\040\000A\000b\000r\000e\000c\000h\000n\000u\000n\000g}{section.2}% 13
\BOOKMARK [2][-]{subsection.2.6}{\376\377\000E\000i\000n\000b\000i\000n\000d\000u\000n\000g\000\040\000i\000n\000\040\000d\000i\000e\000\040\000G\000e\000s\000a\000m\000t\000a\000r\000c\000h\000i\000t\000e\000k\000t\000u\000r}{section.2}% 14
\BOOKMARK [1][-]{section.3}{\376\377\000I\000d\000e\000n\000t\000i\000t\000y\000\040\000a\000n\000d\000\040\000A\000c\000c\000e\000s\000s\000\040\000M\000a\000n\000a\000g\000e\000m\000e\000n\000t\000\040\000\050\000I\000A\000M\000\051}{}% 15
\BOOKMARK [2][-]{subsection.3.1}{\376\377\000Z\000i\000e\000l\000\040\000d\000e\000s\000\040\000I\000A\000M\000-\000K\000o\000n\000z\000e\000p\000t\000s}{section.3}% 16
\BOOKMARK [2][-]{subsection.3.2}{\376\377\000A\000u\000f\000r\000u\000f\000\040\000d\000e\000s\000\040\000I\000A\000M\000-\000B\000e\000r\000e\000i\000c\000h\000s}{section.3}% 17
\BOOKMARK [2][-]{subsection.3.3}{\376\377\000V\000e\000r\000g\000a\000b\000e\000\040\000v\000o\000n\000\040\000Z\000u\000g\000r\000i\000f\000f\000s\000r\000e\000c\000h\000t\000e\000n}{section.3}% 18
\BOOKMARK [2][-]{subsection.3.4}{\376\377\000S\000e\000r\000v\000i\000c\000e\000\040\000A\000c\000c\000o\000u\000n\000t\000s\000\040\000f\000\374\000r\000\040\000B\000a\000c\000k\000e\000n\000d\000-\000S\000e\000r\000v\000i\000c\000e\000s}{section.3}% 19
\BOOKMARK [2][-]{subsection.3.5}{\376\377\000E\000i\000n\000b\000i\000n\000d\000u\000n\000g\000\040\000d\000e\000s\000\040\000S\000e\000r\000v\000i\000c\000e\000\040\000A\000c\000c\000o\000u\000n\000t\000s\000\040\000i\000n\000\040\000C\000l\000o\000u\000d\000\040\000R\000u\000n}{section.3}% 20
\BOOKMARK [2][-]{subsection.3.6}{\376\377\000R\000e\000v\000i\000s\000i\000o\000n\000e\000n\000\040\000u\000n\000d\000\040\000s\000i\000c\000h\000e\000r\000e\000\040\000A\000k\000t\000u\000a\000l\000i\000s\000i\000e\000r\000u\000n\000g}{section.3}% 21
\BOOKMARK [2][-]{subsection.3.7}{\376\377\000S\000i\000c\000h\000e\000r\000h\000e\000i\000t\000s\000b\000e\000w\000e\000r\000t\000u\000n\000g}{section.3}% 22
